Arguments: 
  D:\Program Files\nodejs\node.exe D:\Program Files\nodejs\node_global\node_modules\yarn\bin\yarn.js run deploy

PATH: 
  C:\Users\wcf\AppData\Local\Temp\yarn--1678470820978-0.39835815956176135;D:\desktop\PinesWebPro\pines3.0\node_modules\.bin;C:\Users\wcf\AppData\Local\Yarn\Data\link\node_modules\.bin;D:\Program Files\libexec\lib\node_modules\npm\bin\node-gyp-bin;D:\Program Files\lib\node_modules\npm\bin\node-gyp-bin;D:\Program Files\nodejs\node_modules\npm\bin\node-gyp-bin;C:\Users\wcf\AppData\Local\Temp\yarn--1678470820510-0.3990726061803078;D:\desktop\PinesWebPro\pines3.0\node_modules\.bin;C:\Users\wcf\AppData\Local\Yarn\Data\link\node_modules\.bin;D:\Program Files\nodejs\node_global\bin;D:\Program Files\libexec\lib\node_modules\npm\bin\node-gyp-bin;D:\Program Files\lib\node_modules\npm\bin\node-gyp-bin;D:\Program Files\nodejs\node_modules\npm\bin\node-gyp-bin;D:\desktop\PinesWebPro\pines3.0\pythonPro\Scripts;C:\Program Files\WindowsApps\Microsoft.PowerShell_7.3.3.0_x64__8wekyb3d8bbwe;C:\Program Files\PlasticSCM5\server;C:\Program Files\PlasticSCM5\client;C:\Program Files (x86)\Common Files\Oracle\Java\javapath;C:\Windows\System32;D:\Program Files\nodejs;D:\Program Files\TortoiseSVN\bin;C:\Users\wcf\AppData\Local\Microsoft\WindowsApps;C:\Program Files\Bandizip\;C:\Users\wcf\.dotnet\tools;D:\Fiddler;D:\D2\CLion 2020.2.4\bin;C:\Users\wcf\AppData\Local\Microsoft\WindowsApps;D:\texlive\2021\bin\win32;D:\wcf\Downloads\jdk-17_windows-x64_bin\jdk-17.0.2bin;D:\wcf\Downloads\jdk-17_windows-x64_bin\jdk-17.0.2\jre\bin;%IntelliJ IDEA Community Edition%;D:\Users\wcf\AppData\Local\Programs\Microsoft VS Code\bin;D:\Program Files\nodejs\node_global;D:\Program Files\JetBrains\PyCharm 2022.1.3\bin;D:\Program Files\MySQL\MySQL Server 5.7\bin;D:\Program Files\nodejs\node_modules

Yarn version: 
  1.22.19

Node version: 
  16.17.0

Platform: 
  win32 x64

Trace: 
  TypeError: Cannot create property 'program-files-nodejs-node-global' on string '{"program-files-nodejs-node-global":""}'
      at set (D:\Program Files\nodejs\node_global\node_modules\yarn\lib\cli.js:53951:28)
      at set (D:\Program Files\nodejs\node_global\node_modules\yarn\lib\cli.js:53965:14)
      at set (D:\Program Files\nodejs\node_global\node_modules\yarn\lib\cli.js:53945:16)
      at Function.objectPath.set (D:\Program Files\nodejs\node_global\node_modules\yarn\lib\cli.js:53998:14)
      at NpmRegistry.mergeEnv (D:\Program Files\nodejs\node_global\node_modules\yarn\lib\cli.js:92160:18)
      at NpmRegistry.<anonymous> (D:\Program Files\nodejs\node_global\node_modules\yarn\lib\cli.js:31950:12)
      at Generator.next (<anonymous>)
      at step (D:\Program Files\nodejs\node_global\node_modules\yarn\lib\cli.js:310:30)
      at D:\Program Files\nodejs\node_global\node_modules\yarn\lib\cli.js:328:14
      at new Promise (<anonymous>)

npm manifest: 
  {
  	"name": "PinesWeb",
  	"version": "5.3.0",
  	"private": true,
  	"type": "module",
  	"scripts": {
  		"dev": "vite",
  		"predeploy": "yarn run deploy",
  		"deploy": "gh-pages -d dist -r https://juejin.cn/post/7081150936445354014.git -b gh-pages",
  		"build": "vue-tsc --noEmit && vite build",
  		"serve": "vite preview"
  	},
  	"dependencies": {
  		"@element-plus/icons-vue": "^2.0.9",
  		"@vuemap/vue-amap": "^1.1.21",
  		"echarts": "^5.4.1",
  		"element-plus": "^2.2.14",
  		"express": "^4.18.2",
  		"json-loader": "^0.5.7",
  		"md-editor-v3": "^2.2.1",
  		"mysql": "^2.18.1",
  		"pinia": "^2.0.20",
  		"vue": "^3.2.37",
  		"vue-cropperjs": "^5.0.0",
  		"vue-router": "^4.1.3",
  		"vue-schart": "^2.0.0",
  		"wangeditor": "^4.7.15"
  	},
  	"devDependencies": {
  		"@types/express": "^4.17.15",
  		"@vitejs/plugin-vue": "^3.0.0",
  		"@vue/compiler-sfc": "^3.1.2",
  		"typescript": "^4.6.4",
  		"unplugin-auto-import": "^0.11.2",
  		"unplugin-vue-components": "^0.22.4",
  		"vite": "^3.0.0",
  		"vite-plugin-resolve-externals": "^0.2.2",
  		"vite-plugin-vue-setup-extend": "^0.4.0",
  		"vue-tsc": "^0.38.4"
  	},
  	"browserslist": [
  		"> 1%",
  		"last 2 versions",
  		"not dead"
  	]
  }

yarn manifest: 
  No manifest

Lockfile: 
  No lockfile
